Java HotSpot(TM) 64-Bit Server VM warning: Using the DefNew young collector with the CMS collector is deprecated and will likely be removed in a future release
Java HotSpot(TM) 64-Bit Server VM warning: UseCMSCompactAtFullCollection is deprecated and will likely be removed in a future release.
Java HotSpot(TM) 64-Bit Server VM warning: Cannot open file /dev/shm/rmq_srv_gc.log due to No such file or directory

Java HotSpot(TM) 64-Bit Server VM warning: Cannot open file /dev/shm/mq_gc_pid1363.log due to No such file or directory

The Name Server boot success. serializeType=JSON
The broker[superComputer.local, 169.254.49.223:10911] boot success. serializeType=JSON and name server is localhost:9876
Java HotSpot(TM) 64-Bit Server VM warning: Using the DefNew young collector with the CMS collector is deprecated and will likely be removed in a future release
Java HotSpot(TM) 64-Bit Server VM warning: UseCMSCompactAtFullCollection is deprecated and will likely be removed in a future release.
Java HotSpot(TM) 64-Bit Server VM warning: Cannot open file /dev/shm/mq_gc_pid1423.log due to No such file or directory

Java HotSpot(TM) 64-Bit Server VM warning: Cannot open file /dev/shm/rmq_srv_gc.log due to No such file or directory

The Name Server boot success. serializeType=JSON
The broker[superComputer.local, 169.254.49.223:10911] boot success. serializeType=JSON and name server is localhost:9876
Java HotSpot(TM) 64-Bit Server VM warning: Using the DefNew young collector with the CMS collector is deprecated and will likely be removed in a future release
Java HotSpot(TM) 64-Bit Server VM warning: UseCMSCompactAtFullCollection is deprecated and will likely be removed in a future release.
Java HotSpot(TM) 64-Bit Server VM warning: Cannot open file /dev/shm/rmq_srv_gc.log due to No such file or directory

Java HotSpot(TM) 64-Bit Server VM warning: Cannot open file /dev/shm/mq_gc_pid2820.log due to No such file or directory

The Name Server boot success. serializeType=JSON
The broker[superComputer.local, 169.254.49.223:10911] boot success. serializeType=JSON and name server is localhost:9876
Java HotSpot(TM) 64-Bit Server VM warning: Cannot open file /dev/shm/mq_gc_pid2973.log due to No such file or directory

The broker[superComputer.local, 169.254.49.223:10911] boot success. serializeType=JSON and name server is localhost:9876
Java HotSpot(TM) 64-Bit Server VM warning: Using the DefNew young collector with the CMS collector is deprecated and will likely be removed in a future release
Java HotSpot(TM) 64-Bit Server VM warning: UseCMSCompactAtFullCollection is deprecated and will likely be removed in a future release.
Java HotSpot(TM) 64-Bit Server VM warning: Cannot open file /dev/shm/mq_gc_pid3057.log due to No such file or directory

Java HotSpot(TM) 64-Bit Server VM warning: Cannot open file /dev/shm/rmq_srv_gc.log due to No such file or directory

The Name Server boot success. serializeType=JSON
The broker[superComputer.local, 169.254.49.223:10911] boot success. serializeType=JSON and name server is localhost:9876
Java HotSpot(TM) 64-Bit Server VM warning: Using the DefNew young collector with the CMS collector is deprecated and will likely be removed in a future release
Java HotSpot(TM) 64-Bit Server VM warning: UseCMSCompactAtFullCollection is deprecated and will likely be removed in a future release.
Java HotSpot(TM) 64-Bit Server VM warning: Cannot open file /dev/shm/rmq_srv_gc.log due to No such file or directory

Java HotSpot(TM) 64-Bit Server VM warning: Cannot open file /dev/shm/mq_gc_pid6720.log due to No such file or directory

The Name Server boot success. serializeType=JSON
The broker[superComputer.local, 169.254.49.223:10911] boot success. serializeType=JSON and name server is localhost:9876
Java HotSpot(TM) 64-Bit Server VM warning: Using the DefNew young collector with the CMS collector is deprecated and will likely be removed in a future release
Java HotSpot(TM) 64-Bit Server VM warning: UseCMSCompactAtFullCollection is deprecated and will likely be removed in a future release.
Java HotSpot(TM) 64-Bit Server VM warning: Cannot open file /dev/shm/rmq_srv_gc.log due to No such file or directory

Java HotSpot(TM) 64-Bit Server VM warning: Cannot open file /dev/shm/mq_gc_pid11522.log due to No such file or directory

The Name Server boot success. serializeType=JSON
The broker[superComputer.local, 172.20.10.3:10911] boot success. serializeType=JSON and name server is localhost:9876
Java HotSpot(TM) 64-Bit Server VM warning: Using the DefNew young collector with the CMS collector is deprecated and will likely be removed in a future release
Java HotSpot(TM) 64-Bit Server VM warning: UseCMSCompactAtFullCollection is deprecated and will likely be removed in a future release.
Java HotSpot(TM) 64-Bit Server VM warning: Cannot open file /dev/shm/rmq_srv_gc.log due to No such file or directory

Java HotSpot(TM) 64-Bit Server VM warning: Cannot open file /dev/shm/mq_gc_pid14416.log due to No such file or directory

The Name Server boot success. serializeType=JSON
The broker[superComputer.local, 30.14.104.215:10911] boot success. serializeType=JSON and name server is localhost:9876
Java HotSpot(TM) 64-Bit Server VM warning: Using the DefNew young collector with the CMS collector is deprecated and will likely be removed in a future release
Java HotSpot(TM) 64-Bit Server VM warning: UseCMSCompactAtFullCollection is deprecated and will likely be removed in a future release.
Java HotSpot(TM) 64-Bit Server VM warning: Cannot open file /dev/shm/rmq_srv_gc.log due to No such file or directory

Java HotSpot(TM) 64-Bit Server VM warning: Cannot open file /dev/shm/mq_gc_pid4946.log due to No such file or directory

The Name Server boot success. serializeType=JSON
The broker[superComputer.local, 169.254.5.246:10911] boot success. serializeType=JSON and name server is localhost:9876
/Users/user01/workcontext/rocketMq/rocketmq-all-4.4.0/distribution/target/apache-rocketmq/bin/runbroker.sh: line 62:  4946 Killed: 9               $JAVA ${JAVA_OPT} $@
Java HotSpot(TM) 64-Bit Server VM warning: Using the DefNew young collector with the CMS collector is deprecated and will likely be removed in a future release
Java HotSpot(TM) 64-Bit Server VM warning: UseCMSCompactAtFullCollection is deprecated and will likely be removed in a future release.
Java HotSpot(TM) 64-Bit Server VM warning: Cannot open file /dev/shm/rmq_srv_gc.log due to No such file or directory

Java HotSpot(TM) 64-Bit Server VM warning: Cannot open file /dev/shm/mq_gc_pid5039.log due to No such file or directory

The Name Server boot success. serializeType=JSON
The broker[superComputer.local, 169.254.5.246:10911] boot success. serializeType=JSON and name server is localhost:9876
